build/app/outputs/mapping/release/usage.txt
com.bitholla_assesment.R$dimen
com.bitholla_assesment.R$string
com.bitholla_assesment.R$layout
com.bitholla_assesment.R$styleable
com.bitholla_assesment.R$id
com.bitholla_assesment.R$attr
com.bitholla_assesment.R
com.bitholla_assesment.R$color
com.bitholla_assesment.R$drawable
com.bitholla_assesment.R$mipmap
com.bitholla_assesment.R$integer
com.bitholla_assesment.BuildConfig
com.bitholla_assesment.R$style
...
com.google.common.collect.MinMaxPriorityQueue$1
com.google.common.base.Converter$1
com.google.thirdparty.publicsuffix.PublicSuffixType
androidx.core.location.GnssStatusCompat$Callback
com.google.common.hash.LittleEndianByteArray$UnsafeByteArray$3
com.google.common.collect.AbstractMapBasedMultimap$NavigableKeySet
com.google.common.cache.LocalCache$StrongEntry
com.google.common.collect.MapMakerInternalMap$WeakKeyWeakValueEntry
androidx.core.content.pm.ShortcutManagerCompat
io.flutter.embedding.engine.systemchannels.KeyEventChannel$FlutterKeyEvent:
    public void <init>(android.view.KeyEvent)
androidx.fragment.app.FragmentManagerImpl$OpGenerator
com.google.common.escape.Escapers$1
com.google.common.collect.Interners$InternerBuilder
com.google.common.base.Predicates
com.google.common.reflect.ClassPath$Scanner
androidx.core.widget.ScrollerCompat
com.google.common.util.concurrent.WrappingScheduledExecutorService
kotlin.text.MatchResult$Destructured
com.google.common.cache.ForwardingLoadingCache
androidx.core.view.TintableBackgroundView
androidx.core.app.NotificationChannelCompat
androidx.core.app.ActivityCompat$RequestPermissionsRequestCodeValidator
com.google.common.collect.ForwardingCollection
com.google.common.util.concurrent.CycleDetectingLockFactory$CycleDetectingReentrantLock
com.google.common.base.Functions$FunctionForMapNoDefault
com.google.common.eventbus.package-info
com.google.common.collect.MapMakerInternalMap$StrongKeyWeakValueEntry$Helper
com.google.common.cache.LocalCache$AccessQueue$2
com.google.common.hash.HashingOutputStream
androidx.customview.widget.FocusStrategy$SequentialComparator
androidx.core.view.accessibility.AccessibilityNodeProviderCompat$AccessibilityNodeProviderApi19
io.flutter.plugins.sharedpreferences.MethodCallHandlerImpl:
    private static final java.lang.String SHARED_PREFERENCES_NAME
    private static final java.lang.String LIST_IDENTIFIER
    private static final java.lang.String BIG_INTEGER_PREFIX
    private static final java.lang.String DOUBLE_PREFIX
com.google.common.collect.HashBiMap$EntryForValue
kotlin.collections.CollectionsKt___CollectionsKt$elementAt$1
androidx.viewpager.widget.PagerAdapter
com.google.common.reflect.TypeToken$TypeCollector$3
com.google.common.hash.Hashing$ChecksumType$1
com.google.common.collect.AbstractTable$1
javax.annotation.OverridingMethodsMustInvokeSuper
kotlin.collections.ArrayAsCollection
com.google.common.collect.Multimaps$Keys$1$1
androidx.fragment.app.FragmentManagerImpl$3$1
kotlin.properties.Delegates$vetoable$1
com.google.common.primitives.Ints$IntConverter
com.google.common.collect.ForwardingListMultimap
com.google.common.util.concurrent.AbstractScheduledService$Scheduler$1
com.google.common.collect.Multisets$FilteredMultiset
io.flutter.view.FlutterView$ZeroSides
com.google.common.collect.Multisets$MultisetIteratorImpl
com.google.common.primitives.UnsignedLong
com.google.common.collect.LinkedHashMultimapGwtSerializationDependencies
com.google.common.collect.ImmutableMultiset$1
kotlin.internal.Exact
com.google.common.collect.FilteredKeyMultimap$Entries
com.google.common.eventbus.Dispatcher$PerThreadQueuedDispatcher
com.google.common.reflect.TypeResolver$1
kotlin.jvm.internal.TypeIntrinsics
io.flutter.embedding.engine.loader.FlutterApplicationInfo:
    private static final java.lang.String DEFAULT_AOT_SHARED_LIBRARY_NAME
    private static final java.lang.String DEFAULT_VM_SNAPSHOT_DATA
    private static final java.lang.String DEFAULT_ISOLATE_SNAPSHOT_DATA
    private static final java.lang.String DEFAULT_FLUTTER_ASSETS_DIR
com.google.common.collect.EnumBiMap
com.google.common.collect.AbstractIterator
androidx.core.location.LocationManagerCompat$PreRGnssStatusTransport$2
io.flutter.plugins.sharedpreferences.R$styleable
com.google.common.util.concurrent.AbstractScheduledService$CustomScheduler$ReschedulableCallable
androidx.fragment.app.Fragment$1
com.google.common.collect.Maps$AbstractFilteredMap
com.google.common.graph.ValueGraphBuilder